<html>
<head>
<title>TestNG:  Surefire test</title>
<link href="../testng.css" rel="stylesheet" type="text/css" />
<link href="../my-testng.css" rel="stylesheet" type="text/css" />

<style type="text/css">
.log { display: none;} 
.stack-trace { display: none;} 
</style>
<script type="text/javascript">
<!--
function flip(e) {
  current = e.style.display;
  if (current == 'block') {
    e.style.display = 'none';
    return 0;
  }
  else {
    e.style.display = 'block';
    return 1;
  }
}

function toggleBox(szDivId, elem, msg1, msg2)
{
  var res = -1;  if (document.getElementById) {
    res = flip(document.getElementById(szDivId));
  }
  else if (document.all) {
    // this is the way old msie versions work
    res = flip(document.all[szDivId]);
  }
  if(elem) {
    if(res == 0) elem.innerHTML = msg1; else elem.innerHTML = msg2;
  }

}

function toggleAllBoxes() {
  if (document.getElementsByTagName) {
    d = document.getElementsByTagName('div');
    for (i = 0; i < d.length; i++) {
      if (d[i].className == 'log') {
        flip(d[i]);
      }
    }
  }
}

// -->
</script>

</head>
<body>
<h2 align='center'>Surefire test</h2><table border='1' align="center">
<tr>
<td>Tests passed/Failed/Skipped:</td><td>33/3/0</td>
</tr><tr>
<td>Started on:</td><td>Thu Dec 03 12:33:25 MSK 2020</td>
</tr>
<tr><td>Total time:</td><td>40 seconds (40490 ms)</td>
</tr><tr>
<td>Included groups:</td><td></td>
</tr><tr>
<td>Excluded groups:</td><td></td>
</tr>
</table><p/>
<small><i>(Hover the method name to see the test class name)</i></small><p/>
<table width='100%' border='1' class='invocation-failed'>
<tr><td colspan='4' align='center'><b>FAILED TESTS</b></td></tr>
<tr><td><b>Test method</b></td>
<td width="30%"><b>Exception</b></td>
<td width="10%"><b>Time (seconds)</b></td>
<td><b>Instance</b></td>
</tr>
<tr>
<td title='ru.belyaev.controller.ProductControllerTest.shouldCallView()'><b>shouldCallView</b><br>Test class: ru.belyaev.controller.ProductControllerTest</td>
<td><div><pre>java.lang.AssertionError: View name expected:&lt;home&gt; but was:&lt;errorPage&gt;
	at org.springframework.test.util.AssertionErrors.fail(AssertionErrors.java:59)
	at org.springframework.test.util.AssertionErrors.assertEquals(AssertionErrors.java:122)
	at org.springframework.test.web.servlet.result.ViewResultMatchers.lambda$name$1(ViewResultMatchers.java:69)
	at org.springframework.test.web.servlet.MockMvc$1.andExpect(MockMvc.java:196)
	at ru.belyaev.controller.ProductControllerTest.shouldCallView(ProductControllerTest.java:87)
	at org.springframework.test.context.testng.AbstractTestNGSpringContextTests.run(AbstractTestNGSpringContextTests.java:181)
	at java.base/java.util.ArrayList.forEach(ArrayList.java:1511)
... Removed 34 stack frames</pre></div><a href='#' onClick='toggleBox("stack-trace687251464", this, "Click to show all stack frames", "Click to hide stack frames")'>Click to show all stack frames</a>
<div class='stack-trace' id='stack-trace687251464'><pre>java.lang.AssertionError: View name expected:&lt;home&gt; but was:&lt;errorPage&gt;
	at org.springframework.test.util.AssertionErrors.fail(AssertionErrors.java:59)
	at org.springframework.test.util.AssertionErrors.assertEquals(AssertionErrors.java:122)
	at org.springframework.test.web.servlet.result.ViewResultMatchers.lambda$name$1(ViewResultMatchers.java:69)
	at org.springframework.test.web.servlet.MockMvc$1.andExpect(MockMvc.java:196)
	at ru.belyaev.controller.ProductControllerTest.shouldCallView(ProductControllerTest.java:87)
	at java.base/jdk.internal.reflect.NativeMethodAccessorImpl.invoke0(Native Method)
	at java.base/jdk.internal.reflect.NativeMethodAccessorImpl.invoke(NativeMethodAccessorImpl.java:62)
	at java.base/jdk.internal.reflect.DelegatingMethodAccessorImpl.invoke(DelegatingMethodAccessorImpl.java:43)
	at java.base/java.lang.reflect.Method.invoke(Method.java:564)
	at org.testng.internal.MethodInvocationHelper.invokeMethod(MethodInvocationHelper.java:134)
	at org.testng.internal.MethodInvocationHelper$1.runTestMethod(MethodInvocationHelper.java:240)
	at org.springframework.test.context.testng.AbstractTestNGSpringContextTests.run(AbstractTestNGSpringContextTests.java:181)
	at org.testng.internal.MethodInvocationHelper.invokeHookable(MethodInvocationHelper.java:252)
	at org.testng.internal.TestInvoker.invokeMethod(TestInvoker.java:593)
	at org.testng.internal.TestInvoker.invokeTestMethod(TestInvoker.java:173)
	at org.testng.internal.MethodRunner.runInSequence(MethodRunner.java:46)
	at org.testng.internal.TestInvoker$MethodInvocationAgent.invoke(TestInvoker.java:816)
	at org.testng.internal.TestInvoker.invokeTestMethods(TestInvoker.java:146)
	at org.testng.internal.TestMethodWorker.invokeTestMethods(TestMethodWorker.java:146)
	at org.testng.internal.TestMethodWorker.run(TestMethodWorker.java:128)
	at java.base/java.util.ArrayList.forEach(ArrayList.java:1511)
	at org.testng.TestRunner.privateRun(TestRunner.java:766)
	at org.testng.TestRunner.run(TestRunner.java:587)
	at org.testng.SuiteRunner.runTest(SuiteRunner.java:384)
	at org.testng.SuiteRunner.runSequentially(SuiteRunner.java:378)
	at org.testng.SuiteRunner.privateRun(SuiteRunner.java:337)
	at org.testng.SuiteRunner.run(SuiteRunner.java:286)
	at org.testng.SuiteRunnerWorker.runSuite(SuiteRunnerWorker.java:53)
	at org.testng.SuiteRunnerWorker.run(SuiteRunnerWorker.java:96)
	at org.testng.TestNG.runSuitesSequentially(TestNG.java:1187)
	at org.testng.TestNG.runSuitesLocally(TestNG.java:1109)
	at org.testng.TestNG.runSuites(TestNG.java:1039)
	at org.testng.TestNG.run(TestNG.java:1007)
	at org.apache.maven.surefire.testng.TestNGExecutor.run(TestNGExecutor.java:135)
	at org.apache.maven.surefire.testng.TestNGDirectoryTestSuite.executeMulti(TestNGDirectoryTestSuite.java:193)
	at org.apache.maven.surefire.testng.TestNGDirectoryTestSuite.execute(TestNGDirectoryTestSuite.java:94)
	at org.apache.maven.surefire.testng.TestNGProvider.invoke(TestNGProvider.java:146)
	at org.apache.maven.surefire.booter.ForkedBooter.invokeProviderInSameClassLoader(ForkedBooter.java:384)
	at org.apache.maven.surefire.booter.ForkedBooter.runSuitesInProcess(ForkedBooter.java:345)
	at org.apache.maven.surefire.booter.ForkedBooter.execute(ForkedBooter.java:126)
	at org.apache.maven.surefire.booter.ForkedBooter.main(ForkedBooter.java:418)
</pre></div></td>
<td>0</td>
<td>ru.belyaev.controller.ProductControllerTest@491b9b8</td></tr>
<tr>
<td title='ru.belyaev.controller.ajax.AddToShoppingCartControllerTest.shouldReturnJsonObject()'><b>shouldReturnJsonObject</b><br>Test class: ru.belyaev.controller.ajax.AddToShoppingCartControllerTest</td>
<td><div><pre>org.testng.TestNGException: 
Parameter &apos;productId&apos; is required by @Test on method shouldReturnJsonObject but has not been marked @Optional or defined

	at java.base/java.util.ArrayList.forEach(ArrayList.java:1511)
... Removed 31 stack frames</pre></div><a href='#' onClick='toggleBox("stack-trace1701212923", this, "Click to show all stack frames", "Click to hide stack frames")'>Click to show all stack frames</a>
<div class='stack-trace' id='stack-trace1701212923'><pre>org.testng.TestNGException: 
Parameter &apos;productId&apos; is required by @Test on method shouldReturnJsonObject but has not been marked @Optional or defined

	at org.testng.internal.Parameters.createParams(Parameters.java:272)
	at org.testng.internal.Parameters.createParametersForMethod(Parameters.java:360)
	at org.testng.internal.Parameters.createParameters(Parameters.java:704)
	at org.testng.internal.Parameters.handleParameters(Parameters.java:879)
	at org.testng.internal.Parameters.handleParameters(Parameters.java:744)
	at org.testng.internal.ParameterHandler.handleParameters(ParameterHandler.java:59)
	at org.testng.internal.ParameterHandler.createParameters(ParameterHandler.java:38)
	at org.testng.internal.TestInvoker$MethodInvocationAgent.invoke(TestInvoker.java:783)
	at org.testng.internal.TestInvoker.invokeTestMethods(TestInvoker.java:146)
	at org.testng.internal.TestMethodWorker.invokeTestMethods(TestMethodWorker.java:146)
	at org.testng.internal.TestMethodWorker.run(TestMethodWorker.java:128)
	at java.base/java.util.ArrayList.forEach(ArrayList.java:1511)
	at org.testng.TestRunner.privateRun(TestRunner.java:766)
	at org.testng.TestRunner.run(TestRunner.java:587)
	at org.testng.SuiteRunner.runTest(SuiteRunner.java:384)
	at org.testng.SuiteRunner.runSequentially(SuiteRunner.java:378)
	at org.testng.SuiteRunner.privateRun(SuiteRunner.java:337)
	at org.testng.SuiteRunner.run(SuiteRunner.java:286)
	at org.testng.SuiteRunnerWorker.runSuite(SuiteRunnerWorker.java:53)
	at org.testng.SuiteRunnerWorker.run(SuiteRunnerWorker.java:96)
	at org.testng.TestNG.runSuitesSequentially(TestNG.java:1187)
	at org.testng.TestNG.runSuitesLocally(TestNG.java:1109)
	at org.testng.TestNG.runSuites(TestNG.java:1039)
	at org.testng.TestNG.run(TestNG.java:1007)
	at org.apache.maven.surefire.testng.TestNGExecutor.run(TestNGExecutor.java:135)
	at org.apache.maven.surefire.testng.TestNGDirectoryTestSuite.executeMulti(TestNGDirectoryTestSuite.java:193)
	at org.apache.maven.surefire.testng.TestNGDirectoryTestSuite.execute(TestNGDirectoryTestSuite.java:94)
	at org.apache.maven.surefire.testng.TestNGProvider.invoke(TestNGProvider.java:146)
	at org.apache.maven.surefire.booter.ForkedBooter.invokeProviderInSameClassLoader(ForkedBooter.java:384)
	at org.apache.maven.surefire.booter.ForkedBooter.runSuitesInProcess(ForkedBooter.java:345)
	at org.apache.maven.surefire.booter.ForkedBooter.execute(ForkedBooter.java:126)
	at org.apache.maven.surefire.booter.ForkedBooter.main(ForkedBooter.java:418)
</pre></div></td>
<td>0</td>
<td>ru.belyaev.controller.ajax.AddToShoppingCartControllerTest@5884a914</td></tr>
<tr>
<td title='ru.belyaev.controller.ajax.RemoveFromShoppingCartControllerTest.shouldReturnJsonObject()'><b>shouldReturnJsonObject</b><br>Test class: ru.belyaev.controller.ajax.RemoveFromShoppingCartControllerTest</td>
<td><div><pre>org.testng.TestNGException: 
Parameter &apos;productId&apos; is required by @Test on method shouldReturnJsonObject but has not been marked @Optional or defined

	at java.base/java.util.ArrayList.forEach(ArrayList.java:1511)
... Removed 31 stack frames</pre></div><a href='#' onClick='toggleBox("stack-trace1962487060", this, "Click to show all stack frames", "Click to hide stack frames")'>Click to show all stack frames</a>
<div class='stack-trace' id='stack-trace1962487060'><pre>org.testng.TestNGException: 
Parameter &apos;productId&apos; is required by @Test on method shouldReturnJsonObject but has not been marked @Optional or defined

	at org.testng.internal.Parameters.createParams(Parameters.java:272)
	at org.testng.internal.Parameters.createParametersForMethod(Parameters.java:360)
	at org.testng.internal.Parameters.createParameters(Parameters.java:704)
	at org.testng.internal.Parameters.handleParameters(Parameters.java:879)
	at org.testng.internal.Parameters.handleParameters(Parameters.java:744)
	at org.testng.internal.ParameterHandler.handleParameters(ParameterHandler.java:59)
	at org.testng.internal.ParameterHandler.createParameters(ParameterHandler.java:38)
	at org.testng.internal.TestInvoker$MethodInvocationAgent.invoke(TestInvoker.java:783)
	at org.testng.internal.TestInvoker.invokeTestMethods(TestInvoker.java:146)
	at org.testng.internal.TestMethodWorker.invokeTestMethods(TestMethodWorker.java:146)
	at org.testng.internal.TestMethodWorker.run(TestMethodWorker.java:128)
	at java.base/java.util.ArrayList.forEach(ArrayList.java:1511)
	at org.testng.TestRunner.privateRun(TestRunner.java:766)
	at org.testng.TestRunner.run(TestRunner.java:587)
	at org.testng.SuiteRunner.runTest(SuiteRunner.java:384)
	at org.testng.SuiteRunner.runSequentially(SuiteRunner.java:378)
	at org.testng.SuiteRunner.privateRun(SuiteRunner.java:337)
	at org.testng.SuiteRunner.run(SuiteRunner.java:286)
	at org.testng.SuiteRunnerWorker.runSuite(SuiteRunnerWorker.java:53)
	at org.testng.SuiteRunnerWorker.run(SuiteRunnerWorker.java:96)
	at org.testng.TestNG.runSuitesSequentially(TestNG.java:1187)
	at org.testng.TestNG.runSuitesLocally(TestNG.java:1109)
	at org.testng.TestNG.runSuites(TestNG.java:1039)
	at org.testng.TestNG.run(TestNG.java:1007)
	at org.apache.maven.surefire.testng.TestNGExecutor.run(TestNGExecutor.java:135)
	at org.apache.maven.surefire.testng.TestNGDirectoryTestSuite.executeMulti(TestNGDirectoryTestSuite.java:193)
	at org.apache.maven.surefire.testng.TestNGDirectoryTestSuite.execute(TestNGDirectoryTestSuite.java:94)
	at org.apache.maven.surefire.testng.TestNGProvider.invoke(TestNGProvider.java:146)
	at org.apache.maven.surefire.booter.ForkedBooter.invokeProviderInSameClassLoader(ForkedBooter.java:384)
	at org.apache.maven.surefire.booter.ForkedBooter.runSuitesInProcess(ForkedBooter.java:345)
	at org.apache.maven.surefire.booter.ForkedBooter.execute(ForkedBooter.java:126)
	at org.apache.maven.surefire.booter.ForkedBooter.main(ForkedBooter.java:418)
</pre></div></td>
<td>0</td>
<td>ru.belyaev.controller.ajax.RemoveFromShoppingCartControllerTest@50378a4</td></tr>
</table><p>
<table width='100%' border='1' class='invocation-passed'>
<tr><td colspan='4' align='center'><b>PASSED TESTS</b></td></tr>
<tr><td><b>Test method</b></td>
<td width="30%"><b>Exception</b></td>
<td width="10%"><b>Time (seconds)</b></td>
<td><b>Instance</b></td>
</tr>
<tr>
<td title='ru.belyaev.controller.SearchTextControllerTest.checkViewName()'><b>checkViewName</b><br>Test class: ru.belyaev.controller.SearchTextControllerTest</td>
<td></td>
<td>0</td>
<td>ru.belyaev.controller.SearchTextControllerTest@1a4927d6</td></tr>
<tr>
<td title='ru.belyaev.controller.ajax.RemoveFromShoppingCartControllerTest.controllerIsCreated()'><b>controllerIsCreated</b><br>Test class: ru.belyaev.controller.ajax.RemoveFromShoppingCartControllerTest</td>
<td></td>
<td>0</td>
<td>ru.belyaev.controller.ajax.RemoveFromShoppingCartControllerTest@50378a4</td></tr>
<tr>
<td title='ru.belyaev.controller.ajax.SearchControllerTest.controllerIsCreated()'><b>controllerIsCreated</b><br>Test class: ru.belyaev.controller.ajax.SearchControllerTest</td>
<td></td>
<td>0</td>
<td>ru.belyaev.controller.ajax.SearchControllerTest@60f00693</td></tr>
<tr>
<td title='ru.belyaev.controller.AuthenticationControllerTest.controllerIsCreated()'><b>controllerIsCreated</b><br>Test class: ru.belyaev.controller.AuthenticationControllerTest</td>
<td></td>
<td>0</td>
<td>ru.belyaev.controller.AuthenticationControllerTest@79207381</td></tr>
<tr>
<td title='ru.belyaev.controller.ProductControllerTest.controllerIsCreated()'><b>controllerIsCreated</b><br>Test class: ru.belyaev.controller.ProductControllerTest</td>
<td></td>
<td>0</td>
<td>ru.belyaev.controller.ProductControllerTest@491b9b8</td></tr>
<tr>
<td title='ru.belyaev.controller.SearchTextControllerTest.controllerIsCreated()'><b>controllerIsCreated</b><br>Test class: ru.belyaev.controller.SearchTextControllerTest</td>
<td></td>
<td>0</td>
<td>ru.belyaev.controller.SearchTextControllerTest@1a4927d6</td></tr>
<tr>
<td title='ru.belyaev.controller.ShoppingCartControllerTest.controllerIsCreated()'><b>controllerIsCreated</b><br>Test class: ru.belyaev.controller.ShoppingCartControllerTest</td>
<td></td>
<td>0</td>
<td>ru.belyaev.controller.ShoppingCartControllerTest@7a6d7e92</td></tr>
<tr>
<td title='ru.belyaev.controller.AuthenticationControllerTest.shouldAddUserToDB()'><b>shouldAddUserToDB</b><br>Test class: ru.belyaev.controller.AuthenticationControllerTest</td>
<td></td>
<td>0</td>
<td>ru.belyaev.controller.AuthenticationControllerTest@79207381</td></tr>
<tr>
<td title='ru.belyaev.controller.ajax.AddToShoppingCartControllerTest.shouldCreatControllerAddToShoppingCart()'><b>shouldCreatControllerAddToShoppingCart</b><br>Test class: ru.belyaev.controller.ajax.AddToShoppingCartControllerTest</td>
<td></td>
<td>0</td>
<td>ru.belyaev.controller.ajax.AddToShoppingCartControllerTest@5884a914</td></tr>
<tr>
<td title='ru.belyaev.controller.ajax.SearchControllerTest.shouldReturnJsonObject()'><b>shouldReturnJsonObject</b><br>Test class: ru.belyaev.controller.ajax.SearchControllerTest</td>
<td></td>
<td>0</td>
<td>ru.belyaev.controller.ajax.SearchControllerTest@60f00693</td></tr>
<tr>
<td title='ru.belyaev.controller.AuthenticationControllerTest.shouldReturnLoginView()'><b>shouldReturnLoginView</b><br>Test class: ru.belyaev.controller.AuthenticationControllerTest</td>
<td></td>
<td>0</td>
<td>ru.belyaev.controller.AuthenticationControllerTest@79207381</td></tr>
<tr>
<td title='ru.belyaev.controller.AuthenticationControllerTest.shouldReturnRegistrationView()'><b>shouldReturnRegistrationView</b><br>Test class: ru.belyaev.controller.AuthenticationControllerTest</td>
<td></td>
<td>0</td>
<td>ru.belyaev.controller.AuthenticationControllerTest@79207381</td></tr>
<tr>
<td title='ru.belyaev.controller.ShoppingCartControllerTest.shouldReturnViewShoppingCart()'><b>shouldReturnViewShoppingCart</b><br>Test class: ru.belyaev.controller.ShoppingCartControllerTest</td>
<td></td>
<td>0</td>
<td>ru.belyaev.controller.ShoppingCartControllerTest@7a6d7e92</td></tr>
<tr>
<td title='ru.belyaev.service.impl.OrderServiceImplTest.shouldThrowExceptionWhenShoppingCartIsNull()'><b>shouldThrowExceptionWhenShoppingCartIsNull</b><br>Test class: ru.belyaev.service.impl.OrderServiceImplTest</td>
<td><div><pre>ru.belyaev.exception.InternalServerErrorException: Shopping cart is null or empty
	at ru.belyaev.service.impl.OrderServiceImpl.makeOrder(OrderServiceImpl.java:43)
	at ru.belyaev.service.impl.OrderServiceImplTest.shouldThrowExceptionWhenShoppingCartIsNull(OrderServiceImplTest.java:47)
	at org.springframework.test.context.testng.AbstractTestNGSpringContextTests.run(AbstractTestNGSpringContextTests.java:181)
	at java.base/java.util.ArrayList.forEach(ArrayList.java:1511)
... Removed 34 stack frames</pre></div><a href='#' onClick='toggleBox("stack-trace56813310", this, "Click to show all stack frames", "Click to hide stack frames")'>Click to show all stack frames</a>
<div class='stack-trace' id='stack-trace56813310'><pre>ru.belyaev.exception.InternalServerErrorException: Shopping cart is null or empty
	at ru.belyaev.service.impl.OrderServiceImpl.makeOrder(OrderServiceImpl.java:43)
	at ru.belyaev.service.impl.OrderServiceImplTest.shouldThrowExceptionWhenShoppingCartIsNull(OrderServiceImplTest.java:47)
	at java.base/jdk.internal.reflect.NativeMethodAccessorImpl.invoke0(Native Method)
	at java.base/jdk.internal.reflect.NativeMethodAccessorImpl.invoke(NativeMethodAccessorImpl.java:62)
	at java.base/jdk.internal.reflect.DelegatingMethodAccessorImpl.invoke(DelegatingMethodAccessorImpl.java:43)
	at java.base/java.lang.reflect.Method.invoke(Method.java:564)
	at org.testng.internal.MethodInvocationHelper.invokeMethod(MethodInvocationHelper.java:134)
	at org.testng.internal.MethodInvocationHelper$1.runTestMethod(MethodInvocationHelper.java:240)
	at org.springframework.test.context.testng.AbstractTestNGSpringContextTests.run(AbstractTestNGSpringContextTests.java:181)
	at org.testng.internal.MethodInvocationHelper.invokeHookable(MethodInvocationHelper.java:252)
	at org.testng.internal.TestInvoker.invokeMethod(TestInvoker.java:593)
	at org.testng.internal.TestInvoker.invokeTestMethod(TestInvoker.java:173)
	at org.testng.internal.MethodRunner.runInSequence(MethodRunner.java:46)
	at org.testng.internal.TestInvoker$MethodInvocationAgent.invoke(TestInvoker.java:816)
	at org.testng.internal.TestInvoker.invokeTestMethods(TestInvoker.java:146)
	at org.testng.internal.TestMethodWorker.invokeTestMethods(TestMethodWorker.java:146)
	at org.testng.internal.TestMethodWorker.run(TestMethodWorker.java:128)
	at java.base/java.util.ArrayList.forEach(ArrayList.java:1511)
	at org.testng.TestRunner.privateRun(TestRunner.java:766)
	at org.testng.TestRunner.run(TestRunner.java:587)
	at org.testng.SuiteRunner.runTest(SuiteRunner.java:384)
	at org.testng.SuiteRunner.runSequentially(SuiteRunner.java:378)
	at org.testng.SuiteRunner.privateRun(SuiteRunner.java:337)
	at org.testng.SuiteRunner.run(SuiteRunner.java:286)
	at org.testng.SuiteRunnerWorker.runSuite(SuiteRunnerWorker.java:53)
	at org.testng.SuiteRunnerWorker.run(SuiteRunnerWorker.java:96)
	at org.testng.TestNG.runSuitesSequentially(TestNG.java:1187)
	at org.testng.TestNG.runSuitesLocally(TestNG.java:1109)
	at org.testng.TestNG.runSuites(TestNG.java:1039)
	at org.testng.TestNG.run(TestNG.java:1007)
	at org.apache.maven.surefire.testng.TestNGExecutor.run(TestNGExecutor.java:135)
	at org.apache.maven.surefire.testng.TestNGDirectoryTestSuite.executeMulti(TestNGDirectoryTestSuite.java:193)
	at org.apache.maven.surefire.testng.TestNGDirectoryTestSuite.execute(TestNGDirectoryTestSuite.java:94)
	at org.apache.maven.surefire.testng.TestNGProvider.invoke(TestNGProvider.java:146)
	at org.apache.maven.surefire.booter.ForkedBooter.invokeProviderInSameClassLoader(ForkedBooter.java:384)
	at org.apache.maven.surefire.booter.ForkedBooter.runSuitesInProcess(ForkedBooter.java:345)
	at org.apache.maven.surefire.booter.ForkedBooter.execute(ForkedBooter.java:126)
	at org.apache.maven.surefire.booter.ForkedBooter.main(ForkedBooter.java:418)
</pre></div></td>
<td>0</td>
<td>ru.belyaev.service.impl.OrderServiceImplTest@aba625</td></tr>
<tr>
<td title='ru.belyaev.service.impl.ShoppingCartServiceImplTest.testAddToShoppingCart()'><b>testAddToShoppingCart</b><br>Test class: ru.belyaev.service.impl.ShoppingCartServiceImplTest</td>
<td></td>
<td>0</td>
<td>ru.belyaev.service.impl.ShoppingCartServiceImplTest@5a5a729f</td></tr>
<tr>
<td title='ru.belyaev.service.impl.UserServiceImplTest.testAddUser()'><b>testAddUser</b><br>Test class: ru.belyaev.service.impl.UserServiceImplTest</td>
<td></td>
<td>0</td>
<td>ru.belyaev.service.impl.UserServiceImplTest@4b520ea8</td></tr>
<tr>
<td title='ru.belyaev.service.impl.ProductServiceImplTest.testCountAllProduct()'><b>testCountAllProduct</b><br>Test class: ru.belyaev.service.impl.ProductServiceImplTest</td>
<td></td>
<td>0</td>
<td>ru.belyaev.service.impl.ProductServiceImplTest@97e93f1</td></tr>
<tr>
<td title='ru.belyaev.service.impl.ProductServiceImplTest.testCountProductBySearchFilter()'><b>testCountProductBySearchFilter</b><br>Test class: ru.belyaev.service.impl.ProductServiceImplTest</td>
<td></td>
<td>0</td>
<td>ru.belyaev.service.impl.ProductServiceImplTest@97e93f1</td></tr>
<tr>
<td title='ru.belyaev.service.impl.ProductServiceImplTest.testCountProductForSearchTextForm()'><b>testCountProductForSearchTextForm</b><br>Test class: ru.belyaev.service.impl.ProductServiceImplTest</td>
<td></td>
<td>0</td>
<td>ru.belyaev.service.impl.ProductServiceImplTest@97e93f1</td></tr>
<tr>
<td title='ru.belyaev.service.impl.ProductServiceImplTest.testFindProductForSearchTextForm()'><b>testFindProductForSearchTextForm</b><br>Test class: ru.belyaev.service.impl.ProductServiceImplTest</td>
<td></td>
<td>0</td>
<td>ru.belyaev.service.impl.ProductServiceImplTest@97e93f1</td></tr>
<tr>
<td title='ru.belyaev.service.impl.ProductServiceImplTest.testListAllProducts()'><b>testListAllProducts</b><br>Test class: ru.belyaev.service.impl.ProductServiceImplTest</td>
<td></td>
<td>0</td>
<td>ru.belyaev.service.impl.ProductServiceImplTest@97e93f1</td></tr>
<tr>
<td title='ru.belyaev.service.impl.OrderServiceImplTest.testMakeOrder()'><b>testMakeOrder</b><br>Test class: ru.belyaev.service.impl.OrderServiceImplTest</td>
<td></td>
<td>0</td>
<td>ru.belyaev.service.impl.OrderServiceImplTest@aba625</td></tr>
<tr>
<td title='ru.belyaev.service.impl.ProductServiceImplTest.testProductBySearchFilter()'><b>testProductBySearchFilter</b><br>Test class: ru.belyaev.service.impl.ProductServiceImplTest</td>
<td></td>
<td>0</td>
<td>ru.belyaev.service.impl.ProductServiceImplTest@97e93f1</td></tr>
<tr>
<td title='ru.belyaev.service.impl.ShoppingCartServiceImplTest.testRemoveFromShoppingCart()'><b>testRemoveFromShoppingCart</b><br>Test class: ru.belyaev.service.impl.ShoppingCartServiceImplTest</td>
<td></td>
<td>0</td>
<td>ru.belyaev.service.impl.ShoppingCartServiceImplTest@5a5a729f</td></tr>
<tr>
<td title='ru.belyaev.service.impl.ProductServiceImplTest.testShowMaxHeight()'><b>testShowMaxHeight</b><br>Test class: ru.belyaev.service.impl.ProductServiceImplTest</td>
<td></td>
<td>0</td>
<td>ru.belyaev.service.impl.ProductServiceImplTest@97e93f1</td></tr>
<tr>
<td title='ru.belyaev.service.impl.ProductServiceImplTest.testShowMaxLength()'><b>testShowMaxLength</b><br>Test class: ru.belyaev.service.impl.ProductServiceImplTest</td>
<td></td>
<td>0</td>
<td>ru.belyaev.service.impl.ProductServiceImplTest@97e93f1</td></tr>
<tr>
<td title='ru.belyaev.service.impl.ProductServiceImplTest.testShowMaxPrice()'><b>testShowMaxPrice</b><br>Test class: ru.belyaev.service.impl.ProductServiceImplTest</td>
<td></td>
<td>0</td>
<td>ru.belyaev.service.impl.ProductServiceImplTest@97e93f1</td></tr>
<tr>
<td title='ru.belyaev.service.impl.ProductServiceImplTest.testShowMaxWidth()'><b>testShowMaxWidth</b><br>Test class: ru.belyaev.service.impl.ProductServiceImplTest</td>
<td></td>
<td>0</td>
<td>ru.belyaev.service.impl.ProductServiceImplTest@97e93f1</td></tr>
<tr>
<td title='ru.belyaev.service.impl.ProductServiceImplTest.testShowMinHeight()'><b>testShowMinHeight</b><br>Test class: ru.belyaev.service.impl.ProductServiceImplTest</td>
<td></td>
<td>0</td>
<td>ru.belyaev.service.impl.ProductServiceImplTest@97e93f1</td></tr>
<tr>
<td title='ru.belyaev.service.impl.ProductServiceImplTest.testShowMinLength()'><b>testShowMinLength</b><br>Test class: ru.belyaev.service.impl.ProductServiceImplTest</td>
<td></td>
<td>0</td>
<td>ru.belyaev.service.impl.ProductServiceImplTest@97e93f1</td></tr>
<tr>
<td title='ru.belyaev.service.impl.ProductServiceImplTest.testShowMinPrice()'><b>testShowMinPrice</b><br>Test class: ru.belyaev.service.impl.ProductServiceImplTest</td>
<td></td>
<td>0</td>
<td>ru.belyaev.service.impl.ProductServiceImplTest@97e93f1</td></tr>
<tr>
<td title='ru.belyaev.service.impl.ProductServiceImplTest.testShowMinWidth()'><b>testShowMinWidth</b><br>Test class: ru.belyaev.service.impl.ProductServiceImplTest</td>
<td></td>
<td>0</td>
<td>ru.belyaev.service.impl.ProductServiceImplTest@97e93f1</td></tr>
<tr>
<td title='ru.belyaev.service.impl.ProductServiceImplTest.testShowProductPageByProductId()'><b>testShowProductPageByProductId</b><br>Test class: ru.belyaev.service.impl.ProductServiceImplTest</td>
<td></td>
<td>0</td>
<td>ru.belyaev.service.impl.ProductServiceImplTest@97e93f1</td></tr>
</table><p>
</body>
</html>