<?xml version="1.0" encoding="UTF-8"?>
<!-- Generated by org.testng.reporters.JUnitXMLReporter -->
<testsuite ignored="0" hostname="DESKTOP-2O5GPOK" failures="3" tests="36" name="Surefire test" time="40.49" errors="0" timestamp="2020-12-03T12:34:06 MSK">
  <testcase classname="ru.belyaev.controller.ajax.AddToShoppingCartControllerTest" name="shouldCreatControllerAddToShoppingCart" time="0.005"/>
  <testcase classname="ru.belyaev.controller.ajax.AddToShoppingCartControllerTest" name="shouldReturnJsonObject" time="0.0">
    <failure type="org.testng.TestNGException" message="
Parameter &amp;apos;productId&amp;apos; is required by @Test on method shouldReturnJsonObject but has not been marked @Optional or defined
">
      <![CDATA[org.testng.TestNGException: 
Parameter 'productId' is required by @Test on method shouldReturnJsonObject but has not been marked @Optional or defined

at java.base/java.util.ArrayList.forEach(ArrayList.java:1511)
... Removed 31 stack frames]]>
    </failure>
  </testcase> <!-- shouldReturnJsonObject -->
  <testcase classname="ru.belyaev.controller.ajax.RemoveFromShoppingCartControllerTest" name="controllerIsCreated" time="0.001"/>
  <testcase classname="ru.belyaev.controller.ajax.RemoveFromShoppingCartControllerTest" name="shouldReturnJsonObject" time="0.0">
    <failure type="org.testng.TestNGException" message="
Parameter &amp;apos;productId&amp;apos; is required by @Test on method shouldReturnJsonObject but has not been marked @Optional or defined
">
      <![CDATA[org.testng.TestNGException: 
Parameter 'productId' is required by @Test on method shouldReturnJsonObject but has not been marked @Optional or defined

at java.base/java.util.ArrayList.forEach(ArrayList.java:1511)
... Removed 31 stack frames]]>
    </failure>
  </testcase> <!-- shouldReturnJsonObject -->
  <testcase classname="ru.belyaev.controller.ajax.SearchControllerTest" name="controllerIsCreated" time="0.0"/>
  <testcase classname="ru.belyaev.controller.ajax.SearchControllerTest" name="shouldReturnJsonObject" time="0.306"/>
  <testcase classname="ru.belyaev.controller.AuthenticationControllerTest" name="controllerIsCreated" time="0.127"/>
  <testcase classname="ru.belyaev.controller.AuthenticationControllerTest" name="shouldAddUserToDB" time="0.031"/>
  <testcase classname="ru.belyaev.controller.AuthenticationControllerTest" name="shouldReturnLoginView" time="0.007"/>
  <testcase classname="ru.belyaev.controller.AuthenticationControllerTest" name="shouldReturnRegistrationView" time="0.008"/>
  <testcase classname="ru.belyaev.controller.ProductControllerTest" name="controllerIsCreated" time="0.0"/>
  <testcase classname="ru.belyaev.controller.ProductControllerTest" name="shouldCallView" time="0.014">
    <failure type="java.lang.AssertionError" message="View name expected:&amp;lt;home&amp;gt; but was:&amp;lt;errorPage&amp;gt;">
      <![CDATA[java.lang.AssertionError: View name expected:<home> but was:<errorPage>
at org.springframework.test.util.AssertionErrors.fail(AssertionErrors.java:59)
at org.springframework.test.util.AssertionErrors.assertEquals(AssertionErrors.java:122)
at org.springframework.test.web.servlet.result.ViewResultMatchers.lambda$name$1(ViewResultMatchers.java:69)
at org.springframework.test.web.servlet.MockMvc$1.andExpect(MockMvc.java:196)
at ru.belyaev.controller.ProductControllerTest.shouldCallView(ProductControllerTest.java:87)
at org.springframework.test.context.testng.AbstractTestNGSpringContextTests.run(AbstractTestNGSpringContextTests.java:181)
at java.base/java.util.ArrayList.forEach(ArrayList.java:1511)
... Removed 34 stack frames]]>
    </failure>
  </testcase> <!-- shouldCallView -->
  <testcase classname="ru.belyaev.controller.SearchTextControllerTest" name="checkViewName" time="0.009"/>
  <testcase classname="ru.belyaev.controller.SearchTextControllerTest" name="controllerIsCreated" time="0.001"/>
  <testcase classname="ru.belyaev.controller.ShoppingCartControllerTest" name="controllerIsCreated" time="0.001"/>
  <testcase classname="ru.belyaev.controller.ShoppingCartControllerTest" name="shouldReturnViewShoppingCart" time="0.008"/>
  <testcase classname="ru.belyaev.service.impl.OrderServiceImplTest" name="shouldThrowExceptionWhenShoppingCartIsNull" time="0.001"/>
  <testcase classname="ru.belyaev.service.impl.OrderServiceImplTest" name="testMakeOrder" time="0.028"/>
  <testcase classname="ru.belyaev.service.impl.ProductServiceImplTest" name="testCountAllProduct" time="0.001"/>
  <testcase classname="ru.belyaev.service.impl.ProductServiceImplTest" name="testCountProductBySearchFilter" time="0.0"/>
  <testcase classname="ru.belyaev.service.impl.ProductServiceImplTest" name="testCountProductForSearchTextForm" time="0.0"/>
  <testcase classname="ru.belyaev.service.impl.ProductServiceImplTest" name="testFindProductForSearchTextForm" time="0.0"/>
  <testcase classname="ru.belyaev.service.impl.ProductServiceImplTest" name="testListAllProducts" time="0.001"/>
  <testcase classname="ru.belyaev.service.impl.ProductServiceImplTest" name="testProductBySearchFilter" time="0.0"/>
  <testcase classname="ru.belyaev.service.impl.ProductServiceImplTest" name="testShowMaxHeight" time="0.0"/>
  <testcase classname="ru.belyaev.service.impl.ProductServiceImplTest" name="testShowMaxLength" time="0.0"/>
  <testcase classname="ru.belyaev.service.impl.ProductServiceImplTest" name="testShowMaxPrice" time="0.001"/>
  <testcase classname="ru.belyaev.service.impl.ProductServiceImplTest" name="testShowMaxWidth" time="0.001"/>
  <testcase classname="ru.belyaev.service.impl.ProductServiceImplTest" name="testShowMinHeight" time="0.001"/>
  <testcase classname="ru.belyaev.service.impl.ProductServiceImplTest" name="testShowMinLength" time="0.0"/>
  <testcase classname="ru.belyaev.service.impl.ProductServiceImplTest" name="testShowMinPrice" time="0.0"/>
  <testcase classname="ru.belyaev.service.impl.ProductServiceImplTest" name="testShowMinWidth" time="0.0"/>
  <testcase classname="ru.belyaev.service.impl.ProductServiceImplTest" name="testShowProductPageByProductId" time="0.0"/>
  <testcase classname="ru.belyaev.service.impl.ShoppingCartServiceImplTest" name="testAddToShoppingCart" time="0.006"/>
  <testcase classname="ru.belyaev.service.impl.ShoppingCartServiceImplTest" name="testRemoveFromShoppingCart" time="0.003"/>
  <testcase classname="ru.belyaev.service.impl.UserServiceImplTest" name="testAddUser" time="0.002"/>
</testsuite> <!-- Surefire test -->
